0 info it worked if it ends with ok
1 verbose cli [ 'C:\\Users\\matthewkory\\AppData\\Local\\.meteor\\packages\\meteor-tool\\1.4.1\\mt-os.windows.x86_32\\dev_bundle\\bin\\node.exe',
1 verbose cli   'C:\\Users\\matthewkory\\AppData\\Local\\.meteor\\packages\\meteor-tool\\1.4.1\\mt-os.windows.x86_32\\dev_bundle\\lib\\node_modules\\npm\\bin\\npm-cli.js',
1 verbose cli   'install',
1 verbose cli   'FontAwesome/FontAwesome',
1 verbose cli   '--save' ]
2 info using npm@3.10.6
3 info using node@v4.5.0
4 silly loadCurrentTree Starting
5 silly install loadCurrentTree
6 silly install readLocalPackageData
7 silly fetchPackageMetaData FontAwesome/FontAwesome
8 silly fetchOtherPackageData FontAwesome/FontAwesome
9 silly cache add args [ 'FontAwesome/FontAwesome', null ]
10 verbose cache add spec FontAwesome/FontAwesome
11 silly cache add parsed spec Result {
11 silly cache add   raw: 'FontAwesome/FontAwesome',
11 silly cache add   scope: null,
11 silly cache add   escapedName: null,
11 silly cache add   name: null,
11 silly cache add   rawSpec: 'FontAwesome/FontAwesome',
11 silly cache add   spec: 'github:fontawesome/FontAwesome',
11 silly cache add   type: 'hosted',
11 silly cache add   hosted:
11 silly cache add    { type: 'github',
11 silly cache add      ssh: 'git@github.com:fontawesome/FontAwesome.git',
11 silly cache add      sshUrl: 'git+ssh://git@github.com/fontawesome/FontAwesome.git',
11 silly cache add      httpsUrl: 'git+https://github.com/fontawesome/FontAwesome.git',
11 silly cache add      gitUrl: 'git://github.com/fontawesome/FontAwesome.git',
11 silly cache add      shortcut: 'github:fontawesome/FontAwesome',
11 silly cache add      directUrl: 'https://raw.githubusercontent.com/fontawesome/FontAwesome/master/package.json' } }
12 verbose addRemoteGit caching FontAwesome/FontAwesome
13 verbose addRemoteGit fontawesome/FontAwesome is a repository hosted by github
14 silly tryGitProto attempting to clone git://github.com/fontawesome/FontAwesome.git
15 silly tryClone cloning fontawesome/FontAwesome via git://github.com/fontawesome/FontAwesome.git
16 verbose tryClone git-github-com-fontawesome-FontAwesome-git-f240cad3 not in flight; caching
17 verbose correctMkdir C:\Users\matthewkory\AppData\Roaming\npm-cache\_git-remotes correctMkdir not in flight; initializing
18 info git [ 'clone',
18 info git   '--template=C:\\Users\\matthewkory\\AppData\\Roaming\\npm-cache\\_git-remotes\\_templates',
18 info git   '--mirror',
18 info git   'git://github.com/fontawesome/FontAwesome.git',
18 info git   'C:\\Users\\matthewkory\\AppData\\Roaming\\npm-cache\\_git-remotes\\git-github-com-fontawesome-FontAwesome-git-f240cad3' ]
19 verbose git clone --template=C:\Users\matthewkory\AppData\Roaming\npm-cache\_git-remotes\_templates --mirror git://github.com/fontawesome/FontAwesome.git C:\Users\matthewkory\AppData\Roaming\npm-cache\_git-remotes\git-github-com-fontawesome-FontAwesome-git-f240cad3: Cloning into bare repository 'C:\Users\matthewkory\AppData\Roaming\npm-cache\_git-remotes\git-github-com-fontawesome-FontAwesome-git-f240cad3'...
19 verbose git clone --template=C:\Users\matthewkory\AppData\Roaming\npm-cache\_git-remotes\_templates --mirror git://github.com/fontawesome/FontAwesome.git C:\Users\matthewkory\AppData\Roaming\npm-cache\_git-remotes\git-github-com-fontawesome-FontAwesome-git-f240cad3: fatal: remote error:
19 verbose git clone --template=C:\Users\matthewkory\AppData\Roaming\npm-cache\_git-remotes\_templates --mirror git://github.com/fontawesome/FontAwesome.git C:\Users\matthewkory\AppData\Roaming\npm-cache\_git-remotes\git-github-com-fontawesome-FontAwesome-git-f240cad3:   Repository not found.
20 silly tryHTTPS attempting to clone git+https://github.com/fontawesome/FontAwesome.git
21 silly tryClone cloning fontawesome/FontAwesome via git+https://github.com/fontawesome/FontAwesome.git
22 verbose tryClone git-https-github-com-fontawesome-FontAwesome-git-e6da1e99 not in flight; caching
23 verbose correctMkdir C:\Users\matthewkory\AppData\Roaming\npm-cache\_git-remotes correctMkdir not in flight; initializing
24 info git [ 'clone',
24 info git   '--template=C:\\Users\\matthewkory\\AppData\\Roaming\\npm-cache\\_git-remotes\\_templates',
24 info git   '--mirror',
24 info git   'https://github.com/fontawesome/FontAwesome.git',
24 info git   'C:\\Users\\matthewkory\\AppData\\Roaming\\npm-cache\\_git-remotes\\git-https-github-com-fontawesome-FontAwesome-git-e6da1e99' ]
25 verbose git clone --template=C:\Users\matthewkory\AppData\Roaming\npm-cache\_git-remotes\_templates --mirror https://github.com/fontawesome/FontAwesome.git C:\Users\matthewkory\AppData\Roaming\npm-cache\_git-remotes\git-https-github-com-fontawesome-FontAwesome-git-e6da1e99: Cloning into bare repository 'C:\Users\matthewkory\AppData\Roaming\npm-cache\_git-remotes\git-https-github-com-fontawesome-FontAwesome-git-e6da1e99'...
25 verbose git clone --template=C:\Users\matthewkory\AppData\Roaming\npm-cache\_git-remotes\_templates --mirror https://github.com/fontawesome/FontAwesome.git C:\Users\matthewkory\AppData\Roaming\npm-cache\_git-remotes\git-https-github-com-fontawesome-FontAwesome-git-e6da1e99: error: cannot spawn sh: No such file or directory
25 verbose git clone --template=C:\Users\matthewkory\AppData\Roaming\npm-cache\_git-remotes\_templates --mirror https://github.com/fontawesome/FontAwesome.git C:\Users\matthewkory\AppData\Roaming\npm-cache\_git-remotes\git-https-github-com-fontawesome-FontAwesome-git-e6da1e99: error: cannot spawn echo: No such file or directory
25 verbose git clone --template=C:\Users\matthewkory\AppData\Roaming\npm-cache\_git-remotes\_templates --mirror https://github.com/fontawesome/FontAwesome.git C:\Users\matthewkory\AppData\Roaming\npm-cache\_git-remotes\git-https-github-com-fontawesome-FontAwesome-git-e6da1e99: error: cannot spawn echo: No such file or directory
25 verbose git clone --template=C:\Users\matthewkory\AppData\Roaming\npm-cache\_git-remotes\_templates --mirror https://github.com/fontawesome/FontAwesome.git C:\Users\matthewkory\AppData\Roaming\npm-cache\_git-remotes\git-https-github-com-fontawesome-FontAwesome-git-e6da1e99: error: cannot spawn sh: No such file or directory
25 verbose git clone --template=C:\Users\matthewkory\AppData\Roaming\npm-cache\_git-remotes\_templates --mirror https://github.com/fontawesome/FontAwesome.git C:\Users\matthewkory\AppData\Roaming\npm-cache\_git-remotes\git-https-github-com-fontawesome-FontAwesome-git-e6da1e99: remote: Invalid username or password.
25 verbose git clone --template=C:\Users\matthewkory\AppData\Roaming\npm-cache\_git-remotes\_templates --mirror https://github.com/fontawesome/FontAwesome.git C:\Users\matthewkory\AppData\Roaming\npm-cache\_git-remotes\git-https-github-com-fontawesome-FontAwesome-git-e6da1e99: fatal: Authentication failed for 'https://github.com/fontawesome/FontAwesome.git/'
26 silly trySSH attempting to clone git@github.com:fontawesome/FontAwesome.git
27 silly tryClone cloning fontawesome/FontAwesome via git@github.com:fontawesome/FontAwesome.git
28 verbose tryClone git-github-com-fontawesome-FontAwesome-git-e511780b not in flight; caching
29 verbose correctMkdir C:\Users\matthewkory\AppData\Roaming\npm-cache\_git-remotes correctMkdir not in flight; initializing
30 info git [ 'clone',
30 info git   '--template=C:\\Users\\matthewkory\\AppData\\Roaming\\npm-cache\\_git-remotes\\_templates',
30 info git   '--mirror',
30 info git   'git@github.com:fontawesome/FontAwesome.git',
30 info git   'C:\\Users\\matthewkory\\AppData\\Roaming\\npm-cache\\_git-remotes\\git-github-com-fontawesome-FontAwesome-git-e511780b' ]
31 error git clone --template=C:\Users\matthewkory\AppData\Roaming\npm-cache\_git-remotes\_templates --mirror git@github.com:fontawesome/FontAwesome.git C:\Users\matthewkory\AppData\Roaming\npm-cache\_git-remotes\git-github-com-fontawesome-FontAwesome-git-e511780b: Cloning into bare repository 'C:\Users\matthewkory\AppData\Roaming\npm-cache\_git-remotes\git-github-com-fontawesome-FontAwesome-git-e511780b'...
31 error git clone --template=C:\Users\matthewkory\AppData\Roaming\npm-cache\_git-remotes\_templates --mirror git@github.com:fontawesome/FontAwesome.git C:\Users\matthewkory\AppData\Roaming\npm-cache\_git-remotes\git-github-com-fontawesome-FontAwesome-git-e511780b: Host key verification failed.
31 error git clone --template=C:\Users\matthewkory\AppData\Roaming\npm-cache\_git-remotes\_templates --mirror git@github.com:fontawesome/FontAwesome.git C:\Users\matthewkory\AppData\Roaming\npm-cache\_git-remotes\git-github-com-fontawesome-FontAwesome-git-e511780b: fatal: Could not read from remote repository.
31 error git clone --template=C:\Users\matthewkory\AppData\Roaming\npm-cache\_git-remotes\_templates --mirror git@github.com:fontawesome/FontAwesome.git C:\Users\matthewkory\AppData\Roaming\npm-cache\_git-remotes\git-github-com-fontawesome-FontAwesome-git-e511780b:
31 error git clone --template=C:\Users\matthewkory\AppData\Roaming\npm-cache\_git-remotes\_templates --mirror git@github.com:fontawesome/FontAwesome.git C:\Users\matthewkory\AppData\Roaming\npm-cache\_git-remotes\git-github-com-fontawesome-FontAwesome-git-e511780b: Please make sure you have the correct access rights
31 error git clone --template=C:\Users\matthewkory\AppData\Roaming\npm-cache\_git-remotes\_templates --mirror git@github.com:fontawesome/FontAwesome.git C:\Users\matthewkory\AppData\Roaming\npm-cache\_git-remotes\git-github-com-fontawesome-FontAwesome-git-e511780b: and the repository exists.
32 silly fetchPackageMetaData Error: Command failed: git -c core.longpaths=true clone --template=C:\Users\matthewkory\AppData\Roaming\npm-cache\_git-remotes\_templates --mirror git@github.com:fontawesome/FontAwesome.git C:\Users\matthewkory\AppData\Roaming\npm-cache\_git-remotes\git-github-com-fontawesome-FontAwesome-git-e511780b
32 silly fetchPackageMetaData Cloning into bare repository 'C:\Users\matthewkory\AppData\Roaming\npm-cache\_git-remotes\git-github-com-fontawesome-FontAwesome-git-e511780b'...
32 silly fetchPackageMetaData Host key verification failed.
32 silly fetchPackageMetaData fatal: Could not read from remote repository.
32 silly fetchPackageMetaData
32 silly fetchPackageMetaData Please make sure you have the correct access rights
32 silly fetchPackageMetaData and the repository exists.
32 silly fetchPackageMetaData
32 silly fetchPackageMetaData     at ChildProcess.exithandler (child_process.js:213:12)
32 silly fetchPackageMetaData     at emitTwo (events.js:87:13)
32 silly fetchPackageMetaData     at ChildProcess.emit (events.js:172:7)
32 silly fetchPackageMetaData     at maybeClose (internal/child_process.js:829:16)
32 silly fetchPackageMetaData     at Process.ChildProcess._handle.onexit (internal/child_process.js:211:5)
32 silly fetchPackageMetaData  error for FontAwesome/FontAwesome { [Error: Command failed: git -c core.longpaths=true clone --template=C:\Users\matthewkory\AppData\Roaming\npm-cache\_git-remotes\_templates --mirror git@github.com:fontawesome/FontAwesome.git C:\Users\matthewkory\AppData\Roaming\npm-cache\_git-remotes\git-github-com-fontawesome-FontAwesome-git-e511780b
32 silly fetchPackageMetaData Cloning into bare repository 'C:\Users\matthewkory\AppData\Roaming\npm-cache\_git-remotes\git-github-com-fontawesome-FontAwesome-git-e511780b'...
32 silly fetchPackageMetaData Host key verification failed.
32 silly fetchPackageMetaData fatal: Could not read from remote repository.
32 silly fetchPackageMetaData
32 silly fetchPackageMetaData Please make sure you have the correct access rights
32 silly fetchPackageMetaData and the repository exists.
32 silly fetchPackageMetaData ]
32 silly fetchPackageMetaData   killed: false,
32 silly fetchPackageMetaData   code: 128,
32 silly fetchPackageMetaData   signal: null,
32 silly fetchPackageMetaData   cmd: 'git -c core.longpaths=true clone --template=C:\\Users\\matthewkory\\AppData\\Roaming\\npm-cache\\_git-remotes\\_templates --mirror git@github.com:fontawesome/FontAwesome.git C:\\Users\\matthewkory\\AppData\\Roaming\\npm-cache\\_git-remotes\\git-github-com-fontawesome-FontAwesome-git-e511780b' }
33 silly rollbackFailedOptional Starting
34 silly rollbackFailedOptional Finishing
35 silly runTopLevelLifecycles Starting
36 silly runTopLevelLifecycles Finishing
37 silly install printInstalled
38 verbose stack Error: Command failed: git -c core.longpaths=true clone --template=C:\Users\matthewkory\AppData\Roaming\npm-cache\_git-remotes\_templates --mirror git@github.com:fontawesome/FontAwesome.git C:\Users\matthewkory\AppData\Roaming\npm-cache\_git-remotes\git-github-com-fontawesome-FontAwesome-git-e511780b
38 verbose stack Cloning into bare repository 'C:\Users\matthewkory\AppData\Roaming\npm-cache\_git-remotes\git-github-com-fontawesome-FontAwesome-git-e511780b'...
38 verbose stack Host key verification failed.
38 verbose stack fatal: Could not read from remote repository.
38 verbose stack
38 verbose stack Please make sure you have the correct access rights
38 verbose stack and the repository exists.
38 verbose stack
38 verbose stack     at ChildProcess.exithandler (child_process.js:213:12)
38 verbose stack     at emitTwo (events.js:87:13)
38 verbose stack     at ChildProcess.emit (events.js:172:7)
38 verbose stack     at maybeClose (internal/child_process.js:829:16)
38 verbose stack     at Process.ChildProcess._handle.onexit (internal/child_process.js:211:5)
39 verbose cwd C:\Users\matthewkory\Desktop\food-app
40 error Windows_NT 10.0.10586
41 error argv "C:\\Users\\matthewkory\\AppData\\Local\\.meteor\\packages\\meteor-tool\\1.4.1\\mt-os.windows.x86_32\\dev_bundle\\bin\\node.exe" "C:\\Users\\matthewkory\\AppData\\Local\\.meteor\\packages\\meteor-tool\\1.4.1\\mt-os.windows.x86_32\\dev_bundle\\lib\\node_modules\\npm\\bin\\npm-cli.js" "install" "FontAwesome/FontAwesome" "--save"
42 error node v4.5.0
43 error npm  v3.10.6
44 error code 128
45 error Command failed: git -c core.longpaths=true clone --template=C:\Users\matthewkory\AppData\Roaming\npm-cache\_git-remotes\_templates --mirror git@github.com:fontawesome/FontAwesome.git C:\Users\matthewkory\AppData\Roaming\npm-cache\_git-remotes\git-github-com-fontawesome-FontAwesome-git-e511780b
45 error Cloning into bare repository 'C:\Users\matthewkory\AppData\Roaming\npm-cache\_git-remotes\git-github-com-fontawesome-FontAwesome-git-e511780b'...
45 error Host key verification failed.
45 error fatal: Could not read from remote repository.
45 error
45 error Please make sure you have the correct access rights
45 error and the repository exists.
46 error If you need help, you may report this error at:
46 error     <https://github.com/npm/npm/issues>
47 verbose exit [ 1, true ]
